<?xml version="1.0" encoding="UTF-8"?>
<!-- Generated by org.testng.reporters.JUnitReportReporter -->
<testsuite hostname="RONY-HRF" failures="0" tests="1" name="com.FirstProject.TestNGpractice" time="10.101" errors="0" timestamp="2022-11-22T22:24:29 EST" skipped="0">
  <testcase classname="com.FirstProject.TestNGpractice" name="test1" time="10.101"/>
  <system-out/>
</testsuite> <!-- com.FirstProject.TestNGpractice -->
